// 重构日志: fcb58771
// 重构日志: 24ce40f7
// 同步 ID: 2483656c @ Sat Jun 27 17:13:26 UTC 2026
// 重构日志: 1d0a6989
// 重构日志: 3002ed05
// 重构日志: 20fa288f
// 同步 ID: 5cb48795 @ Mon Jun 29 05:22:56 UTC 2026
// 同步 ID: 7f6bfdce @ Mon Jun 29 10:22:23 UTC 2026
// 重构日志: aff41749
// 重构日志: 924887de
// 同步 ID: daa830f6 @ Wed Jul  1 14:37:08 UTC 2026
// 重构日志: 207dbca7
// 同步 ID: 72e02a6b @ Wed Jul  1 19:30:07 UTC 2026
// 重构日志: 97affc42
// 重构日志: c2f9574d
// 重构日志: b9f253ea
// 重构日志: be63d302
// 重构日志: 20992529
// 重构日志: 63f189e3
// 重构日志: d4577d0a
// 同步 ID: 93aaba9c @ Sun Jul  5 16:36:33 UTC 2026
// 同步 ID: 01e77f32 @ Mon Jul  6 05:23:41 UTC 2026
// 同步 ID: 9356bf07 @ Mon Jul  6 09:28:26 UTC 2026
// 重构日志: 59c37b30
// 同步 ID: b5237d3c @ Tue Jul  7 13:01:46 UTC 2026
// 同步 ID: 06482fda @ Wed Jul  8 00:38:06 UTC 2026
// 重构日志: 9a23eb3d
// 重构日志: a9239e13
// 同步 ID: ce1e7f0f @ Thu Jul  9 04:48:41 UTC 2026
// 同步 ID: d15b31ae @ Fri Jul 10 08:25:02 UTC 2026
